<?xml version="1.0" encoding="UTF-8"?>
<!-- Generated by org.testng.reporters.JUnitReportReporter -->
<testsuite skipped="0" hostname="Priya" name="com.qa.hs.tests.LoginTest" tests="1" failures="0" timestamp="26 Aug 2020 06:49:08 GMT" time="6.751" errors="0">
  <testcase name="loginTest" time="6.751" classname="com.qa.hs.tests.LoginTest"/>
</testsuite> <!-- com.qa.hs.tests.LoginTest -->
