<?xml version="1.0" encoding="UTF-8"?>
<!-- Generated by org.testng.reporters.JUnitReportReporter -->
<testsuite skipped="0" hostname="Priya" name="com.qa.hs.tests.LoginTest" tests="1" failures="0" timestamp="26 Aug 2020 06:35:13 GMT" time="1.071" errors="0">
  <testcase name="loginTest" time="1.071" classname="com.qa.hs.tests.LoginTest"/>
</testsuite> <!-- com.qa.hs.tests.LoginTest -->
